<?xml version="1.0" encoding="UTF-8"?>
<testsuite name="com.capitalone.dashboard.collector.DefaultHudsonClientTests" time="1.17" tests="20" errors="0" skipped="0" failures="0">
  <properties>
[...]
</properties>
  <testcase name="buildDetails_withRepoBranch" classname="com.capitalone.dashboard.collector.DefaultHudsonClientTests" time="1.003"/>
  <testcase name="joinURLsTest" classname="com.capitalone.dashboard.collector.DefaultHudsonClientTests" time="0"/>
  <testcase name="buildDetails_withRepoNoRemoteUrl" classname="com.capitalone.dashboard.collector.DefaultHudsonClientTests" time="0"/>
  <testcase name="buildDetails_full" classname="com.capitalone.dashboard.collector.DefaultHudsonClientTests" time="0"/>
  <testcase name="buildDetails_withMultipleRepos" classname="com.capitalone.dashboard.collector.DefaultHudsonClientTests" time="0.052"/>
  <testcase name="buildDetails_withEmptyRemoteUrl" classname="com.capitalone.dashboard.collector.DefaultHudsonClientTests" time="0"/>
  <testcase name="verifyBasicAuth" classname="com.capitalone.dashboard.collector.DefaultHudsonClientTests" time="0.034"/>
  <testcase name="buildDetails_withRepoOriginBranch" classname="com.capitalone.dashboard.collector.DefaultHudsonClientTests" time="0"/>
  <testcase name="verifyAuthCredentials" classname="com.capitalone.dashboard.collector.DefaultHudsonClientTests" time="0.034"/>
  <testcase name="buildDetails_withMultipleSCM" classname="com.capitalone.dashboard.collector.DefaultHudsonClientTests" time="0"/>
  <testcase name="buildDetails_withRepoRefsRemotesBranch" classname="com.capitalone.dashboard.collector.DefaultHudsonClientTests" time="0"/>
  <testcase name="buildDetails_withRepoMultipleBranches" classname="com.capitalone.dashboard.collector.DefaultHudsonClientTests" time="0"/>
  <testcase name="rebuildURLTest" classname="com.capitalone.dashboard.collector.DefaultHudsonClientTests" time="0"/>
  <testcase name="verifyAuthCredentialsBySettings" classname="com.capitalone.dashboard.collector.DefaultHudsonClientTests" time="0"/>
  <testcase name="buildDetails_pipeline" classname="com.capitalone.dashboard.collector.DefaultHudsonClientTests" time="0.047"/>
  <testcase name="instanceJobs_emptyResponse_returnsEmptyMap" classname="com.capitalone.dashboard.collector.DefaultHudsonClientTests" time="0"/>
  <testcase name="verifyGetLogUrl" classname="com.capitalone.dashboard.collector.DefaultHudsonClientTests" time="0"/>
  <testcase name="buildDetails_withRepoRemotesBranch" classname="com.capitalone.dashboard.collector.DefaultHudsonClientTests" time="0"/>
  <testcase name="instanceJobs_multibranchPipeline" classname="com.capitalone.dashboard.collector.DefaultHudsonClientTests" time="0"/>
  <testcase name="instanceJobs_twoJobsTwoBuilds" classname="com.capitalone.dashboard.collector.DefaultHudsonClientTests" time="0"/>
</testsuite>